<?xml version="1.0" encoding="UTF-8"?>
<!-- Generated by org.testng.reporters.JUnitXMLReporter -->
<testsuite ignored="0" hostname="DESKTOP-7RSSMPL" failures="0" tests="3" name="MyTests" time="218.101" errors="0" timestamp="2025-06-09T16:09:51 IST">
  <testcase classname="sania.tests.tasks.Task1" name="getUrl" time="67.713"/>
  <testcase classname="sania.tests.tasks.Task2" name="amazonPriceTracker" time="61.669"/>
  <testcase classname="sania.tests.tasks.Task3" name="clickFilteredProduct" time="77.611"/>
</testsuite> <!-- MyTests -->
